Using pre-set license
Built from '2020.3/staging' branch; Version is '2020.3.16f1 (049d6eca3c44) revision 302446'; Using compiler version '192528614'; Build Type 'Release'
OS: 'Windows 10 Pro; OS build 22000.318; Version 2009; 64bit' Language: 'en' Physical Memory: 8036 MB
BatchMode: 1, IsHumanControllingUs: 0, StartBugReporterOnCrash: 0, Is64bit: 1, IsPro: 0

 COMMAND LINE ARGUMENTS:
D:\Program_Files\2020.3.16f1\Editor\Unity.exe
-adb2
-batchMode
-noUpm
-name
AssetImportWorker1
-projectPath
D:/unityProjects/game-dev-assignment-amdt
-logFile
Logs/AssetImportWorker1.log
-srvPort
50623
Successfully changed project path to: D:/unityProjects/game-dev-assignment-amdt
D:/unityProjects/game-dev-assignment-amdt
Using Asset Import Pipeline V2.
Refreshing native plugins compatible for Editor in 250.82 ms, found 2 plugins.
Preloading 0 native plugins for Editor in 0.00 ms.
Initialize engine version: 2020.3.16f1 (049d6eca3c44)
[Subsystems] Discovering subsystems at path D:/Program_Files/2020.3.16f1/Editor/Data/Resources/UnitySubsystems
[Subsystems] Discovering subsystems at path D:/unityProjects/game-dev-assignment-amdt/Assets
GfxDevice: creating device client; threaded=0
Direct3D:
    Version:  Direct3D 11.0 [level 11.1]
    Renderer: NVIDIA GeForce GTX 1650 with Max-Q Design (ID=0x1f91)
    Vendor:   
    VRAM:     3962 MB
    Driver:   30.0.14.9676
Initialize mono
Mono path[0] = 'D:/Program_Files/2020.3.16f1/Editor/Data/Managed'
Mono path[1] = 'D:/Program_Files/2020.3.16f1/Editor/Data/MonoBleedingEdge/lib/mono/unityjit'
Mono config path = 'D:/Program_Files/2020.3.16f1/Editor/Data/MonoBleedingEdge/etc'
Using monoOptions --debugger-agent=transport=dt_socket,embedding=1,server=y,suspend=n,address=127.0.0.1:56076
Begin MonoManager ReloadAssembly
Registering precompiled unity dll's ...
Register platform support module: D:/Program_Files/2020.3.16f1/Editor/Data/PlaybackEngines/WindowsStandaloneSupport/UnityEditor.WindowsStandalone.Extensions.dll
Registered in 0.000958 seconds.
Native extension for WindowsStandalone target not found
Refreshing native plugins compatible for Editor in 29.99 ms, found 2 plugins.
Preloading 0 native plugins for Editor in 0.00 ms.
Mono: successfully reloaded assembly
- Completed reload, in 12.992 seconds
Domain Reload Profiling:
	ReloadAssembly (12992ms)
		BeginReloadAssembly (60ms)
			ExecutionOrderSort (0ms)
			DisableScriptedObjects (0ms)
			BackupInstance (0ms)
			ReleaseScriptingObjects (0ms)
			CreateAndSetChildDomain (1ms)
		EndReloadAssembly (407ms)
			LoadAssemblies (60ms)
			RebuildTransferFunctionScriptingTraits (0ms)
			SetupTypeCache (151ms)
			ReleaseScriptCaches (0ms)
			RebuildScriptCaches (32ms)
			SetupLoadedEditorAssemblies (163ms)
				LogAssemblyErrors (0ms)
				InitializePlatformSupportModulesInManaged (3ms)
				SetLoadedEditorAssemblies (0ms)
				RefreshPlugins (30ms)
				BeforeProcessingInitializeOnLoad (15ms)
				ProcessInitializeOnLoadAttributes (85ms)
				ProcessInitializeOnLoadMethodAttributes (29ms)
				AfterProcessingInitializeOnLoad (0ms)
				EditorAssembliesLoaded (0ms)
			ExecutionOrderSort2 (0ms)
			AwakeInstancesAfterBackupRestoration (0ms)
Platform modules already initialized, skipping
Registering precompiled user dll's ...
Registered in 0.003219 seconds.
Begin MonoManager ReloadAssembly
Native extension for WindowsStandalone target not found
Refreshing native plugins compatible for Editor in 0.33 ms, found 2 plugins.
Preloading 0 native plugins for Editor in 0.00 ms.
Mono: successfully reloaded assembly
- Completed reload, in  1.629 seconds
Domain Reload Profiling:
	ReloadAssembly (1630ms)
		BeginReloadAssembly (149ms)
			ExecutionOrderSort (0ms)
			DisableScriptedObjects (5ms)
			BackupInstance (0ms)
			ReleaseScriptingObjects (0ms)
			CreateAndSetChildDomain (18ms)
		EndReloadAssembly (1429ms)
			LoadAssemblies (686ms)
			RebuildTransferFunctionScriptingTraits (0ms)
			SetupTypeCache (265ms)
			ReleaseScriptCaches (0ms)
			RebuildScriptCaches (42ms)
			SetupLoadedEditorAssemblies (365ms)
				LogAssemblyErrors (0ms)
				InitializePlatformSupportModulesInManaged (5ms)
				SetLoadedEditorAssemblies (0ms)
				RefreshPlugins (0ms)
				BeforeProcessingInitializeOnLoad (68ms)
				ProcessInitializeOnLoadAttributes (285ms)
				ProcessInitializeOnLoadMethodAttributes (4ms)
				AfterProcessingInitializeOnLoad (2ms)
				EditorAssembliesLoaded (0ms)
			ExecutionOrderSort2 (0ms)
			AwakeInstancesAfterBackupRestoration (6ms)
Platform modules already initialized, skipping
========================================================================
Worker process is ready to serve import requests
Launched and connected shader compiler UnityShaderCompiler.exe after 0.27 seconds
Refreshing native plugins compatible for Editor in 0.35 ms, found 2 plugins.
Preloading 0 native plugins for Editor in 0.00 ms.
Unloading 1487 Unused Serialized files (Serialized files now loaded: 0)
System memory in use before: 89.0 MB.
System memory in use after: 89.1 MB.

Unloading 18 unused Assets to reduce memory usage. Loaded Objects now: 1949.
Total: 2.984200 ms (FindLiveObjects: 0.176100 ms CreateObjectMapping: 0.044300 ms MarkObjects: 2.671900 ms  DeleteObjects: 0.090900 ms)

AssetImportParameters requested are different than current active one (requested -> active):
  custom:framework-win-MediaFoundation: 216162199b28c13a410421893ffa2e32 -> 
  custom:video-decoder-ogg-theora: a1e56fd34408186e4bbccfd4996cb3dc -> 
  custom:container-muxer-webm: aa71ff27fc2769a1b78a27578f13a17b -> 
  custom:container-demuxer-webm: 4f35f7cbe854078d1ac9338744f61a02 -> 
  custom:container-demuxer-ogg: 62fdf1f143b41e24485cea50d1cbac27 -> 
  custom:video-encoder-webm-vp8: eb34c28f22e8b96e1ab97ce403110664 -> 
  custom:video-decoder-webm-vp8: 9c59270c3fd7afecdb556c50c9e8de78 -> 
  custom:audio-decoder-ogg-vorbis: bf7c407c2cedff20999df2af8eb42d56 -> 
  custom:audio-encoder-webm-vorbis: bf7c407c2cedff20999df2af8eb42d56 -> 
========================================================================
Received Import Request.
  path: Assets/Scripts/Level1/Gift.cs
  artifactKey: Guid(bbebd8b075b558e48aa7fcca0824f5b8) Importer(815301076,1909f56bfc062723c751e8b465ee728b)
Start importing Assets/Scripts/Level1/Gift.cs using Guid(bbebd8b075b558e48aa7fcca0824f5b8) Importer(815301076,1909f56bfc062723c751e8b465ee728b)  -> (artifact id: '6286b5a5edb493654d8d183c9962091c') in 0.110997 seconds 
  Import took 0.186211 seconds .

========================================================================
Received Import Request.
  Time since last request: 636.785098 seconds.
  path: Assets/Scenes/GiftPanel.unity
  artifactKey: Guid(3447aedc3d7fe1c43aa6c0802df0ca43) Importer(815301076,1909f56bfc062723c751e8b465ee728b)
Start importing Assets/Scenes/GiftPanel.unity using Guid(3447aedc3d7fe1c43aa6c0802df0ca43) Importer(815301076,1909f56bfc062723c751e8b465ee728b)  -> (artifact id: 'bdb249fc2173d655d7e73388d55c417f') in 0.084224 seconds 
  Import took 0.153630 seconds .

========================================================================
Received Import Request.
  Time since last request: 4.734808 seconds.
  path: Assets/Scenes/Level1.unity
  artifactKey: Guid(9fc0d4010bbf28b4594072e72b8655ab) Importer(815301076,1909f56bfc062723c751e8b465ee728b)
Start importing Assets/Scenes/Level1.unity using Guid(9fc0d4010bbf28b4594072e72b8655ab) Importer(815301076,1909f56bfc062723c751e8b465ee728b)  -> (artifact id: 'd72ca18aa4cf9fc8af4f4edecd74d469') in 0.009956 seconds 
  Import took 0.037016 seconds .

========================================================================
Received Import Request.
  Time since last request: 4088.381508 seconds.
  path: Assets/Materials/Busicut-packet.mat
  artifactKey: Guid(6ac6188f29f8abd43bcb1c43ce3f9799) Importer(815301076,1909f56bfc062723c751e8b465ee728b)
Start importing Assets/Materials/Busicut-packet.mat using Guid(6ac6188f29f8abd43bcb1c43ce3f9799) Importer(815301076,1909f56bfc062723c751e8b465ee728b)  -> (artifact id: '73b14a8f7ce9d53b90074aae825967be') in 0.279481 seconds 
  Import took 0.308481 seconds .

========================================================================
Received Import Request.
  Time since last request: 17.959184 seconds.
  path: Assets/Materials/Gift_menu_gnd.mat
  artifactKey: Guid(a9b52206ecab0e64fb068a4f6175f6c0) Importer(815301076,1909f56bfc062723c751e8b465ee728b)
Start importing Assets/Materials/Gift_menu_gnd.mat using Guid(a9b52206ecab0e64fb068a4f6175f6c0) Importer(815301076,1909f56bfc062723c751e8b465ee728b)  -> (artifact id: 'd1aec4fccd9a046108b97eef6021481c') in 0.048264 seconds 
  Import took 0.070622 seconds .

========================================================================
Received Import Request.
  Time since last request: 13.361731 seconds.
  path: Assets/Materials/Gift_menu_gnd.mat
  artifactKey: Guid(a9b52206ecab0e64fb068a4f6175f6c0) Importer(815301076,1909f56bfc062723c751e8b465ee728b)
Start importing Assets/Materials/Gift_menu_gnd.mat using Guid(a9b52206ecab0e64fb068a4f6175f6c0) Importer(815301076,1909f56bfc062723c751e8b465ee728b)  -> (artifact id: 'ccb316166841619057a0be67e344f2ba') in 0.018622 seconds 
  Import took 0.871758 seconds .

